id: 74f696c2-a660-4faa-9964-c2145cc85eae, Mon Apr 18 22:49:32 2022 access allowed
id: 20882e29-1866-4705-9255-cf1142641cf2, Mon Apr 18 22:51:51 2022 access allowed
id: 9eeae9ff-7eb9-4e25-85bd-3c45be760ce0, Mon Apr 18 22:53:54 2022 access allowed
id: 20fb7218-7ed5-4dea-93fd-00f8d3a8a842, Mon Apr 18 22:57:49 2022 access allowed
id: c3e6782d-0dee-4c98-9f95-c4e2d84b3d51, Mon Apr 18 23:06:10 2022 access allowed
id: 3b5b5906-1100-486f-b4bb-5d17b8b33f08, Mon Apr 18 23:07:19 2022 access allowed
id: 7ca391f1-d735-4075-881d-4ac7c2d30bb9, Mon Apr 18 23:07:22 2022 access allowed
id: 34ac5d78-5ab7-4960-a39f-38ba076dc5ff, Mon Apr 18 23:07:22 2022 access allowed
id: 9ade0c3a-64b4-4452-b7b7-18ce06eb4770, Mon Apr 18 23:07:22 2022 access allowed
id: 2bae95ad-ba62-4bc0-b5bd-ba0977d9fe8d, Mon Apr 18 23:07:23 2022 access allowed
id: a0a9db4f-182f-404e-9a3f-e2dfa4dcff55, Mon Apr 18 23:07:23 2022 access allowed
id: 2005f391-7cc5-4914-86fa-068996374e77, Mon Apr 18 23:07:23 2022 access allowed
id: a6aea3ec-13f6-4b3f-b2e6-35692fa1378b, Mon Apr 18 23:07:23 2022 access allowed
id: 42317b90-f89f-404d-8b98-a0898489b144, Mon Apr 18 23:07:24 2022 access allowed
id: 86072f2e-50d9-4b9a-9ced-89f50e2bccd6, Mon Apr 18 23:07:24 2022 access allowed
id: d12191c9-1c2d-4989-81f4-061753864eb3, Mon Apr 18 23:07:24 2022 access allowed
id: 9e76f97d-8cd9-49bf-b7e1-cd3639cfed20, Mon Apr 18 23:07:24 2022 access allowed
id: 30bbd09e-417d-4097-8915-81391806dd62, Mon Apr 18 23:07:24 2022 access allowed
id: 2c74106c-32d1-4065-8680-034d48bf007c, Mon Apr 18 23:07:25 2022 access allowed
id: 6b3a4260-5054-4371-bfd0-57637ceb3291, Mon Apr 18 23:07:25 2022 access allowed
id: 3c611341-9eee-47fd-a26f-bec01ee23a19, Mon Apr 18 23:07:25 2022 access allowed
id: 52e38df0-fd10-4089-b6c7-3a662f1184e7, Mon Apr 18 23:07:25 2022 access allowed
id: 12496260-b2d9-4732-9eb7-7480d127962e, Mon Apr 18 23:07:25 2022 access allowed
id: 3c6c98e6-83da-4ab7-bd11-519eb776aba6, Mon Apr 18 23:07:26 2022 access allowed
id: 14a77ea5-f385-4bb6-813b-bb1ede72dd70, Mon Apr 18 23:07:26 2022 access allowed
id: 1b7d0c2c-c547-47ff-98aa-682b058be5bc, Mon Apr 18 23:07:26 2022 access allowed
id: d23b1931-3426-4e8c-b895-05466a5bc23b, Mon Apr 18 23:07:27 2022 access allowed
id: 6704adcc-b636-4028-b73b-4bc37f769e87, Mon Apr 18 23:07:28 2022 access allowed
id: d04e9385-47a9-4b42-9485-99ff2dd9d12c, Mon Apr 18 23:07:29 2022 access allowed
id: a582ef6f-5359-48c9-9d98-6664ce9c1b92, Mon Apr 18 23:07:29 2022 access allowed
id: 3568233a-8632-4cf4-bf48-f4670d2c8613, Mon Apr 18 23:07:30 2022 access allowed
id: 8d653556-f1c1-46c7-a253-700cdd369a6e, Mon Apr 18 23:07:30 2022 access allowed
id: e601f973-88da-4093-9297-e11794c287d3, Mon Apr 18 23:07:30 2022 access allowed
id: 8c4c27b9-04b6-4793-821e-ec5fe66a498c, Mon Apr 18 23:07:31 2022 access allowed
id: 485387ad-03df-4b35-b8a9-339ea656b237, Mon Apr 18 23:07:31 2022 access allowed
id: 05dea3d8-436f-4865-a799-74d3d429835f, Mon Apr 18 23:07:31 2022 access allowed
id: 2d8332cb-b953-4ac0-ad98-05044f418858, Mon Apr 18 23:07:32 2022 access allowed
id: 113b64dd-2aca-4fb6-bc7a-b902ea3f38b9, Mon Apr 18 23:07:32 2022 access allowed
id: ff299467-42ad-45a1-8e92-07b8f0e26dbf, Mon Apr 18 23:07:32 2022 access allowed
id: 35c613b0-8daa-4d5d-98e4-865f87899c1f, Mon Apr 18 23:07:33 2022 access allowed
id: dbb16076-1668-4ceb-b22d-aa1674cffe74, Mon Apr 18 23:07:33 2022 access allowed
id: 5dee5fba-3605-41ab-8d87-b68324e06f53, Mon Apr 18 23:07:33 2022 access allowed
id: f617274a-4ece-4eae-8f30-79425246946c, Mon Apr 18 23:09:01 2022 access allowed
id: cf88488c-6e0c-44f3-a860-e8b2a0cb4ee1, Mon Apr 18 23:09:05 2022 access allowed
id: e260ce3e-99d1-41b4-bb31-f8941fdb80cb, Mon Apr 18 23:09:08 2022 access allowed
id: d3eb800d-b5fd-48bf-808a-5df2670dab83, Mon Apr 18 23:09:08 2022 access allowed
id: 44a13578-f2b9-4f89-bf44-29320d649f81, Mon Apr 18 23:09:08 2022 access allowed
id: 0916823b-a3d2-4465-a1fc-b10502d37aa5, Mon Apr 18 23:09:09 2022 access allowed
id: 6c9dc604-5a48-45ff-aa80-dad4e371769a, Mon Apr 18 23:09:09 2022 access allowed
id: a58c0d4d-5b77-4ef3-9b22-cb968158a96b, Mon Apr 18 23:09:09 2022 access allowed
id: 1909412b-1b1d-4b7a-b531-0db2009e26fb, Mon Apr 18 23:09:09 2022 access allowed
id: c0ea5498-f201-4e25-a91f-704f6a5c91af, Mon Apr 18 23:09:10 2022 access allowed
id: 25713735-e3b0-40bf-8711-0fd50fd8f842, Mon Apr 18 23:09:10 2022 access allowed
id: 84c36d8a-b772-4aa7-8ce5-9b0c26038342, Mon Apr 18 23:09:10 2022 access allowed
id: b88718ae-aba0-4574-b763-08437a77a3f3, Mon Apr 18 23:09:11 2022 access allowed
id: 687e3e8f-bc12-4367-8300-584fc8693113, Mon Apr 18 23:09:11 2022 access allowed
id: b06c8be5-a14a-45e6-ac4d-fb48f67cecb3, Mon Apr 18 23:09:11 2022 access allowed
id: 42a1167a-2582-4bd0-9645-65ba09df3389, Mon Apr 18 23:09:11 2022 access allowed
id: d31d9817-e5ec-4661-9e7e-6796c0cb4271, Mon Apr 18 23:09:12 2022 access allowed
id: cc53cfe9-e109-4954-b73a-7e2ec615d44e, Mon Apr 18 23:09:12 2022 access allowed
id: b6df36a9-79af-46c6-b0a2-daeb715fbdb8, Mon Apr 18 23:09:12 2022 access allowed
id: 16eb0d17-6108-421a-8f75-b90f62909d82, Mon Apr 18 23:09:12 2022 access allowed
id: 86205c27-e809-4ad9-8d7c-50733151f30a, Mon Apr 18 23:09:13 2022 access allowed
id: 44658444-8e04-422d-93ab-77cb12738b83, Mon Apr 18 23:09:13 2022 access allowed
id: 8030dba6-bebe-46f0-99d6-1da4d3c39c2c, Mon Apr 18 23:09:13 2022 access allowed
id: a3b9feff-3802-4772-97d2-2632e645ddc5, Mon Apr 18 23:09:13 2022 access allowed
id: c3266462-f9b8-4178-9780-7eb7cbb50a2c, Mon Apr 18 23:09:14 2022 access allowed
id: 4f25edaf-7300-4d3d-a68d-33b091c8b0a1, Mon Apr 18 23:09:14 2022 access allowed
id: 6b7ef57e-2696-49a6-a066-b755e228d2e0, Mon Apr 18 23:09:14 2022 access allowed
id: 3ac70ed7-077b-474c-b8bc-54b9980e9c4e, Mon Apr 18 23:09:14 2022 access allowed
id: c5b20ef4-d377-418a-84ea-7517bfa4314e, Mon Apr 18 23:09:15 2022 access allowed
id: 701027f4-8eb7-4113-94e4-a17428df5a87, Mon Apr 18 23:09:15 2022 access allowed
id: cbc028b5-f5ce-45d4-ab7e-76e9a0572ff7, Mon Apr 18 23:09:15 2022 access allowed
id: 5444e28f-1c60-4be6-bc46-4e9da81fc38d, Mon Apr 18 23:09:16 2022 access allowed
id: 43e8c241-815f-4ffe-8bf9-9a02c5353460, Mon Apr 18 23:09:16 2022 access allowed
id: 4ca3bb1f-7ea4-4e7c-99e0-8ea76cd0d2f5, Mon Apr 18 23:09:17 2022 access allowed
id: 2543edee-ac5e-4456-b559-b2bcfa369b58, Mon Apr 18 23:09:17 2022 access allowed
id: 217f28aa-7b24-4014-a042-c9c1033e2b14, Mon Apr 18 23:09:17 2022 access allowed
id: f438b710-77ca-491d-89e2-b3bb8823c714, Mon Apr 18 23:09:18 2022 access allowed
id: fb79f86e-9863-40ed-be63-c8a123f3b407, Mon Apr 18 23:09:18 2022 access allowed
id: 80f2c3e3-f9d9-480f-9c83-d4b26ae3618f, Mon Apr 18 23:09:19 2022 access allowed
id: 3da8e055-e08f-40f3-89c6-fe6a3b53972a, Mon Apr 18 23:09:20 2022 access allowed
id: cbfa7177-e2a3-435e-bcac-601c804a2a9f, Mon Apr 18 23:09:20 2022 access allowed
id: db718a42-19d0-47e4-8024-79adba16b152, Mon Apr 18 23:09:21 2022 access allowed
id: a3c7f905-35ef-408f-a9cb-f2c20d2ed0bc, Mon Apr 18 23:09:22 2022 access allowed
id: 699a3093-f1c3-4d77-94e0-26787e8fccf4, Mon Apr 18 23:09:22 2022 access allowed
id: a8129636-7848-4493-b88d-c4575caa723e, Mon Apr 18 23:09:22 2022 access allowed
id: a95a642a-a755-4a5d-8f1a-ac5714a8944d, Mon Apr 18 23:09:23 2022 access allowed
id: fb7f817b-2995-4002-a5a9-a1a5773fe459, Mon Apr 18 23:09:23 2022 access allowed
id: 6bbd292a-82a1-45c5-bac7-bb6f841c893f, Mon Apr 18 23:09:23 2022 access allowed
id: e3fbc267-9016-4aef-a94e-9115e3f9cad5, Mon Apr 18 23:09:24 2022 access allowed
id: 410e8b85-991a-43f5-8d44-b1e91f3be144, Mon Apr 18 23:09:24 2022 access allowed
id: 9e61d18d-b598-48d8-901b-0cd1dac662ee, Mon Apr 18 23:09:24 2022 access allowed
id: a5ad793a-ad70-42b8-b6a9-5411ff4d56d4, Mon Apr 18 23:09:25 2022 access allowed
id: fb7f5434-2141-4790-a387-34fa499a1fd4, Mon Apr 18 23:09:26 2022 access allowed
id: f818395a-e358-446c-abfa-002c6c27bb0e, Mon Apr 18 23:09:26 2022 access allowed
id: 5b5d6bc0-0a10-4776-ba9a-3d11e8609417, Mon Apr 18 23:09:27 2022 access allowed
id: 79e59923-b804-4d87-9297-0b6c624232b8, Mon Apr 18 23:09:28 2022 access allowed
id: eeead5aa-7b6f-4c66-a22e-29ef79da4442, Mon Apr 18 23:09:28 2022 access allowed
id: b97820d9-833d-4854-81f3-9785db07f01a, Mon Apr 18 23:09:29 2022 access allowed
id: 7e01b5c4-b205-4552-b94a-d8690753acb5, Mon Apr 18 23:09:31 2022 access allowed
id: 156d86db-ac1b-4148-bf1d-e93d0bb4e391, Mon Apr 18 23:09:31 2022 access allowed
id: bc771850-bbcb-4639-a205-e917d2f8910d, Mon Apr 18 23:09:32 2022 access allowed
id: ef18b047-36ef-4d42-a556-d1459597d463, Mon Apr 18 23:09:32 2022 access allowed
id: e63b89d0-7159-478f-bca4-99db3dc03bfc, Mon Apr 18 23:09:33 2022 access allowed
id: 9c757dd2-fc13-4a87-894e-e211322ee8b3, Mon Apr 18 23:09:33 2022 access allowed
id: 4119f08a-1a21-4c08-a2c4-267e075fd013, Mon Apr 18 23:09:34 2022 access allowed
id: ea9dbb14-61b4-4908-8483-94c740c5e8e8, Mon Apr 18 23:09:35 2022 access allowed
id: c237eeaa-27b7-4830-814d-c4b82f6ef11d, Mon Apr 18 23:30:33 2022 access allowed
